<?xml version="1.0" encoding="UTF-8"?>
<!-- Generated by org.testng.reporters.JUnitReportReporter -->
<testsuite hostname="home" failures="0" tests="8" name="com.agile.saucedemo.testsScript.SauceNew" time="16.362" errors="0" timestamp="2023-09-15T15:44:09 EDT" skipped="0">
  <testcase classname="com.agile.saucedemo.testsScript.SauceNew" name="userInput" time="0.152"/>
  <testcase classname="com.agile.saucedemo.testsScript.SauceNew" name="password" time="0.083"/>
  <testcase classname="com.agile.saucedemo.testsScript.SauceNew" name="loginInp" time="0.133"/>
  <testcase classname="com.agile.saucedemo.testsScript.SauceNew" name="logCheck" time="0.068"/>
  <testcase classname="com.agile.saucedemo.testsScript.SauceNew" name="pageTitle" time="0.032"/>
  <testcase classname="com.agile.saucedemo.testsScript.SauceNew" name="addcard" time="0.040"/>
  <testcase classname="com.agile.saucedemo.testsScript.SauceNew" name="numberCard" time="3.513"/>
  <testcase classname="com.agile.saucedemo.testsScript.SauceNew" name="cardAdd" time="12.341"/>
</testsuite> <!-- com.agile.saucedemo.testsScript.SauceNew -->
