<?xml version="1.0" encoding="UTF-8"?>
<!-- Generated by org.testng.reporters.JUnitReportReporter -->
<testsuite hostname="home" failures="0" tests="1" name="com.agile.saucedemo.pageobject.SauceDemo" time="6.084" errors="0" timestamp="2023-09-12T16:56:08 EDT" skipped="0">
  <testcase classname="com.agile.saucedemo.pageobject.SauceDemo" name="setUp" time="6.084"/>
</testsuite> <!-- com.agile.saucedemo.pageobject.SauceDemo -->
