<?xml version="1.0" encoding="UTF-8"?>
<!-- Generated by org.testng.reporters.JUnitReportReporter -->
<testsuite hostname="home" failures="0" tests="3" name="com.agile.saucedemo.testsScript.TestngClass" time="0.307" errors="0" timestamp="2023-09-02T15:28:11 EDT" skipped="0">
  <testcase classname="com.agile.saucedemo.testsScript.TestngClass" name="userLogin" time="0.105"/>
  <testcase classname="com.agile.saucedemo.testsScript.TestngClass" name="password" time="0.081"/>
  <testcase classname="com.agile.saucedemo.testsScript.TestngClass" name="loginInp" time="0.121"/>
</testsuite> <!-- com.agile.saucedemo.testsScript.TestngClass -->
