<?xml version="1.0" encoding="UTF-8"?>
<!-- Generated by org.testng.reporters.JUnitReportReporter -->
<testsuite hostname="home" failures="0" tests="3" name="com.agile.saucedemo.testsScript.DataProviders" time="20.729" errors="0" timestamp="2023-09-15T01:05:43 EDT" skipped="0">
  <testcase classname="com.agile.saucedemo.testsScript.DataProviders" name="setUp" time="12.878"/>
  <testcase classname="com.agile.saucedemo.testsScript.DataProviders" name="setUp" time="3.715"/>
  <testcase classname="com.agile.saucedemo.testsScript.DataProviders" name="setUp" time="4.136"/>
</testsuite> <!-- com.agile.saucedemo.testsScript.DataProviders -->
