<?xml version="1.0" encoding="UTF-8"?>
<!-- Generated by org.testng.reporters.JUnitReportReporter -->
<testsuite hostname="home" failures="0" tests="3" name="com.agile.saucedemo.testsScript.TestngClass3" time="0.207" errors="0" timestamp="2023-09-02T15:28:11 EDT" skipped="0">
  <testcase classname="com.agile.saucedemo.testsScript.TestngClass3" name="password3" time="0.069"/>
  <testcase classname="com.agile.saucedemo.testsScript.TestngClass3" name="loginInp3" time="0.071"/>
  <testcase classname="com.agile.saucedemo.testsScript.TestngClass3" name="userLogin3" time="0.067"/>
</testsuite> <!-- com.agile.saucedemo.testsScript.TestngClass3 -->
