<?xml version="1.0" encoding="UTF-8"?>
<!-- Generated by org.testng.reporters.JUnitReportReporter -->
<testsuite hostname="home" failures="0" tests="2" name="testngPackage.TestngClass" time="0.009" errors="0" timestamp="2023-09-02T00:01:48 EDT" skipped="0">
  <testcase classname="testngPackage.TestngClass" name="testB" time="0.001"/>
  <testcase classname="testngPackage.TestngClass" name="testA" time="0.008"/>
</testsuite> <!-- testngPackage.TestngClass -->
